<?xml version="1.0" encoding="UTF-8"?>
<!-- Generated by org.testng.reporters.JUnitXMLReporter -->
<testsuite ignored="0" hostname="DESKTOP-DK68IP8" failures="0" tests="2" name="Login" time="0.999" errors="0" timestamp="2022-05-31T15:19:54 IST">
  <testcase classname="com.Selenium.Test1" name="@BeforeMethod pagetitle" time="0.001">
    <failure type="java.lang.NullPointerException" message="Cannot invoke &amp;quot;String.equals(Object)&amp;quot; because &amp;quot;br&amp;quot; is null">
      <![CDATA[java.lang.NullPointerException: Cannot invoke "String.equals(Object)" because "br" is null
at com.Selenium.base.BrowserInt(base.java:45)
at com.Selenium.Test1.pagetitle(Test1.java:25)
at java.base/java.util.ArrayList.forEach(ArrayList.java:1511)
... Removed 31 stack frames]]>
    </failure>
  </testcase> <!-- @BeforeMethod pagetitle -->
  <testcase classname="com.Selenium.Test1" name="@AfterMethod teardown" time="0.0">
    <skipped/>
  </testcase> <!-- @AfterMethod teardown -->
  <testcase classname="com.Selenium.Test1" name="@BeforeMethod pagetitle" time="0.0">
    <skipped/>
  </testcase> <!-- @BeforeMethod pagetitle -->
  <testcase classname="com.Selenium.Test1" name="@AfterMethod teardown" time="0.0">
    <skipped/>
  </testcase> <!-- @AfterMethod teardown -->
  <testcase classname="com.Selenium.Test1" name="setup" time="0.001">
    <skipped/>
  </testcase> <!-- setup -->
  <testcase classname="com.Selenium.Test1" name="setup" time="0.0">
    <skipped/>
  </testcase> <!-- setup -->
</testsuite> <!-- Login -->
