<?xml version="1.0" encoding="UTF-8"?>
<!-- Generated by org.testng.reporters.JUnitXMLReporter -->
<testsuite ignored="0" hostname="DESKTOP-DK68IP8" failures="0" tests="1" name="Validating Home Page title" time="0.095" errors="0" timestamp="2022-05-31T15:19:53 IST">
  <testcase classname="com.Selenium.validateTitle" name="@BeforeTest Initialize" time="0.02">
    <failure type="java.lang.NullPointerException" message="Cannot invoke &amp;quot;String.equals(Object)&amp;quot; because &amp;quot;br&amp;quot; is null">
      <![CDATA[java.lang.NullPointerException: Cannot invoke "String.equals(Object)" because "br" is null
at com.Selenium.base.BrowserInt(base.java:45)
at com.Selenium.validateTitle.Initialize(validateTitle.java:23)
... Removed 24 stack frames]]>
    </failure>
  </testcase> <!-- @BeforeTest Initialize -->
  <testcase classname="com.Selenium.validateTitle" name="@AfterTest teardown" time="0.0">
    <skipped/>
  </testcase> <!-- @AfterTest teardown -->
  <testcase classname="com.Selenium.validateTitle" name="basepagetitle" time="0.0">
    <skipped/>
  </testcase> <!-- basepagetitle -->
</testsuite> <!-- Validating Home Page title -->
