<?xml version="1.0" encoding="UTF-8"?>
<!-- Generated by org.testng.reporters.JUnitXMLReporter -->
<testsuite ignored="0" hostname="DESKTOP-DK68IP8" failures="0" tests="3" name="Test" time="70.793" errors="0" timestamp="2022-05-30T14:59:53 IST">
  <testcase classname="com.Selenium.Test1" name="setup" time="5.507"/>
  <testcase classname="com.Selenium.Test1" name="setup" time="5.968"/>
  <testcase classname="com.Selenium.validateTitle" name="basepagetitle" time="0.111"/>
</testsuite> <!-- Test -->
