<?xml version="1.0" encoding="UTF-8"?>
<testng-results ignored="0" total="1" passed="1" failed="0" skipped="0">
  <reporter-output>
  </reporter-output>
  <suite started-at="2022-06-01T16:21:16 IST" name="Default suite" finished-at="2022-06-01T16:23:04 IST" duration-ms="108088">
    <groups>
    </groups>
    <test started-at="2022-06-01T16:21:16 IST" name="Default test" finished-at="2022-06-01T16:23:04 IST" duration-ms="108088">
      <class name="com.Selenium.jdbcconn">
        <test-method signature="retrieve()[pri:0, instance:com.Selenium.jdbcconn@5860f3d7]" started-at="2022-06-01T16:21:16 IST" name="retrieve" finished-at="2022-06-01T16:23:04 IST" duration-ms="108042" status="PASS">
          <reporter-output>
          </reporter-output>
        </test-method> <!-- retrieve -->
      </class> <!-- com.Selenium.jdbcconn -->
    </test> <!-- Default test -->
  </suite> <!-- Default suite -->
</testng-results>
